TN:
SF:C:\Users\John\Documents\GitHub\frontendmasters\courses\complete-intro-to-react\js\Search.jsx
FN:22,(anonymous_0)
FN:25,(anonymous_1)
FN:40,(anonymous_2)
FN:45,(anonymous_3)
FNF:4
FNH:4
FNDA:1,(anonymous_0)
FNDA:4,(anonymous_1)
FNDA:60,(anonymous_2)
FNDA:47,(anonymous_3)
DA:23,1
DA:26,4
DA:41,60
DA:45,47
LF:4
LH:4
BRF:0
BRH:0
end_of_record
TN:
SF:C:\Users\John\Documents\GitHub\frontendmasters\courses\complete-intro-to-react\js\ShowCard.jsx
FN:20,(anonymous_0)
FNF:1
FNH:0
FNDA:0,(anonymous_0)
DA:5,1
DA:14,1
DA:20,1
DA:21,0
DA:34,1
LF:5
LH:4
BRF:0
BRH:0
end_of_record
